# JRE version: Java(TM) SE Runtime Environment (21.0.7+8) (build 21.0.7+8-LTS-245)
# Java VM: Java HotSpot(TM) 64-Bit Server VM (21.0.7+8-LTS-245, mixed mode, sharing, tiered, compressed oops, compressed class ptrs, g1 gc, windows-amd64)
GC Precious Log:
 CardTable entry size: 512
 Card Set container configuration: InlinePtr #cards 4 size 8 Array Of Cards #cards 16 size 48 Howl #buckets 8 coarsen threshold 3686 Howl Bitmap #cards 512 size 80 coarsen threshold 460 Card regions per heap region 1 cards per card region 4096
 CPUs: 12 total, 12 available
 Memory: 16068M
 Large Page Support: Disabled
 NUMA Support: Disabled
 Compressed Oops: Enabled (Zero based)
 Heap Region Size: 2M
 Heap Min Capacity: 8M
 Heap Initial Capacity: 252M
 Heap Max Capacity: 4018M
 Pre-touch: Disabled
 Parallel Workers: 10
 Concurrent Workers: 3
 Concurrent Refinement Workers: 10
 Periodic GC: Disabled
Heap:
 garbage-first heap   total 73728K, used 34946K [0x0000000704e00000, 0x0000000800000000)
  region size 2048K, 10 young (20480K), 3 survivors (6144K)
 Metaspace       used 37329K, committed 37824K, reserved 1114112K
  class space    used 4764K, committed 4992K, reserved 1048576K
GC Heap History (12 events):
Event: 1.106 GC heap before
{Heap before GC invocations=0 (full 0):
 garbage-first heap   total 258048K, used 20480K [0x0000000704e00000, 0x0000000800000000)
  region size 2048K, 11 young (22528K), 0 survivors (0K)
 Metaspace       used 4433K, committed 4672K, reserved 1114112K
  class space    used 491K, committed 640K, reserved 1048576K
}
Event: 1.113 GC heap after
{Heap after GC invocations=1 (full 0):
 garbage-first heap   total 258048K, used 7406K [0x0000000704e00000, 0x0000000800000000)
  region size 2048K, 2 young (4096K), 2 survivors (4096K)
 Metaspace       used 4433K, committed 4672K, reserved 1114112K
  class space    used 491K, committed 640K, reserved 1048576K
}
Event: 1.959 GC heap before
{Heap before GC invocations=1 (full 0):
 garbage-first heap   total 258048K, used 29934K [0x0000000704e00000, 0x0000000800000000)
  region size 2048K, 14 young (28672K), 2 survivors (4096K)
 Metaspace       used 11346K, committed 11712K, reserved 1114112K
  class space    used 1439K, committed 1600K, reserved 1048576K
}
Event: 1.967 GC heap after
{Heap after GC invocations=2 (full 0):
 garbage-first heap   total 258048K, used 9766K [0x0000000704e00000, 0x0000000800000000)
  region size 2048K, 2 young (4096K), 2 survivors (4096K)
 Metaspace       used 11346K, committed 11712K, reserved 1114112K
  class space    used 1439K, committed 1600K, reserved 1048576K
}
Event: 3.177 GC heap before
{Heap before GC invocations=2 (full 0):
 garbage-first heap   total 258048K, used 56870K [0x0000000704e00000, 0x0000000800000000)
  region size 2048K, 27 young (55296K), 2 survivors (4096K)
 Metaspace       used 21188K, committed 21504K, reserved 1114112K
  class space    used 2611K, committed 2752K, reserved 1048576K
}
Event: 3.185 GC heap after
{Heap after GC invocations=3 (full 0):
 garbage-first heap   total 258048K, used 15400K [0x0000000704e00000, 0x0000000800000000)
  region size 2048K, 4 young (8192K), 4 survivors (8192K)
 Metaspace       used 21188K, committed 21504K, reserved 1114112K
  class space    used 2611K, committed 2752K, reserved 1048576K
}
Event: 4.427 GC heap before
{Heap before GC invocations=4 (full 0):
 garbage-first heap   total 61440K, used 60456K [0x0000000704e00000, 0x0000000800000000)
  region size 2048K, 26 young (53248K), 4 survivors (8192K)
 Metaspace       used 25686K, committed 26112K, reserved 1114112K
  class space    used 3177K, committed 3392K, reserved 1048576K
}
Event: 4.437 GC heap after
{Heap after GC invocations=5 (full 0):
 garbage-first heap   total 73728K, used 17943K [0x0000000704e00000, 0x0000000800000000)
  region size 2048K, 6 young (12288K), 6 survivors (12288K)
 Metaspace       used 25686K, committed 26112K, reserved 1114112K
  class space    used 3177K, committed 3392K, reserved 1048576K
}
Event: 5.535 GC heap before
{Heap before GC invocations=5 (full 0):
 garbage-first heap   total 73728K, used 48663K [0x0000000704e00000, 0x0000000800000000)
  region size 2048K, 21 young (43008K), 6 survivors (12288K)
 Metaspace       used 29730K, committed 30208K, reserved 1114112K
  class space    used 3762K, committed 3968K, reserved 1048576K
}
Event: 5.544 GC heap after
{Heap after GC invocations=6 (full 0):
 garbage-first heap   total 73728K, used 20594K [0x0000000704e00000, 0x0000000800000000)
  region size 2048K, 2 young (4096K), 2 survivors (4096K)
 Metaspace       used 29730K, committed 30208K, reserved 1114112K
  class space    used 3762K, committed 3968K, reserved 1048576K
}
Event: 6.655 GC heap before
{Heap before GC invocations=6 (full 0):
 garbage-first heap   total 73728K, used 49266K [0x0000000704e00000, 0x0000000800000000)
  region size 2048K, 18 young (36864K), 2 survivors (4096K)
 Metaspace       used 35687K, committed 36160K, reserved 1114112K
  class space    used 4487K, committed 4736K, reserved 1048576K
}
Event: 6.660 GC heap after
{Heap after GC invocations=7 (full 0):
 garbage-first heap   total 73728K, used 22658K [0x0000000704e00000, 0x0000000800000000)
  region size 2048K, 3 young (6144K), 3 survivors (6144K)
 Metaspace       used 35687K, committed 36160K, reserved 1114112K
  class space    used 4487K, committed 4736K, reserved 1048576K
}

